{"stats":{"suites":4,"tests":20,"passes":17,"pending":0,"failures":3,"start":"2023-01-15T06:46:17.337Z","end":"2023-01-15T06:47:03.427Z","duration":82613,"testsRegistered":20,"passPercent":85,"pendingPercent":0,"other":0,"hasOther":false,"skipped":0,"hasSkipped":false},"results":[{"uuid":"683a3ab6-e0f1-4d1e-bd89-95e89de80844","title":"","fullFile":"","file":"","beforeHooks":[],"afterHooks":[],"tests":[],"suites":[{"uuid":"e40e79ca-fc95-4ed1-ad02-693dc9026d74","title":"APItest1.test.js","fullFile":"C:\\Users\\kbala\\OneDrive\\Desktop\\ComcastUI\\tests\\APItest1.test.js","file":"APItest1.test.js","beforeHooks":[],"afterHooks":[],"tests":[{"title":"test2-create a new user","fullTitle":"APItest1.test.js test2-create a new user","timedOut":false,"duration":3251,"state":"passed","speed":"slow","pass":true,"fail":false,"pending":false,"context":"[{\"title\":\"Trace saved to\",\"value\":\"C:\\\\Users\\\\kbala\\\\OneDrive\\\\Desktop\\\\ComcastUI\\\\test-results\\\\APItest1-test2-create-a-new-user-chromium\\\\trace.zip\"}]","code":"async ({\n  request\n}) => {\n  var get_response = await request.post(`https://gorest.co.in/public/v2/users` + '?' + 'access-token=' + primarytoken, {\n    extraHTTPHeaders: {\n      'Accept': 'application/json'\n      //'Authorization': `Bearer ${primarytoken}`,\n    },\n\n    data: {\n      \"name\": \"Balaji\",\n      \"gender\": \"male\",\n      \"email\": \"balaji@test.com\",\n      \"status\": \"active\"\n    }\n  });\n\n  //validate the status code\n  (0, _test.expect)(get_response.status()).toBe(201);\n\n  //parse the responsestring to object\n  respbody = JSON.parse(await get_response.text());\n  creatednewuserid = respbody.id;\n  console.log('new user id is: ', creatednewuserid);\n}","err":{},"uuid":"e84b6f99-313c-4526-baba-2fd873ac7509","parentUUID":"e40e79ca-fc95-4ed1-ad02-693dc9026d74","isHook":false,"skipped":false},{"title":"test3-assert the newly created user","fullTitle":"APItest1.test.js test3-assert the newly created user","timedOut":false,"duration":3237,"state":"failed","speed":"slow","pass":false,"fail":true,"pending":false,"context":"[{\"title\":\"Trace saved to\",\"value\":\"C:\\\\Users\\\\kbala\\\\OneDrive\\\\Desktop\\\\ComcastUI\\\\test-results\\\\APItest1-test3-assert-the-newly-created-user-chromium\\\\trace.zip\"}]","code":"async ({\n  request\n}) => {\n  var get_response = await request.get(`https://gorest.co.in/public/v2/users/${creatednewuserid}` + '?' + 'access-token=' + primarytoken);\n\n  //capture the array length\n  respbodysize = await get_response.json();\n  respbodysize = Object.keys(respbodysize).length;\n  console.log('The length is: ', respbodysize);\n\n  //parse the responsestring to object\n  respbody = JSON.parse(await get_response.text());\n  console.log('The payload details: ', respbody);\n\n  ///expect style assertion\n  expect_chai(respbody).to.be.an('object').that.is.not.empty;\n\n  ///validate the expecting property keys\n  assert_chai.containsAllDeepKeys(respbody, ['id', 'name', 'email', 'gender', 'status']);\n  assert_chai.propertyVal(respbody, 'id', creatednewuserid);\n  assert_chai.propertyVal(respbody, 'name', newusername);\n}","err":{"message":"expected { message: 'Resource not found' } to contain keys 'id', 'name', 'email', 'gender', and 'status'","estack":"AssertionError: expected { message: 'Resource not found' } to contain keys 'id', 'name', 'email', 'gender', and 'status'\n    at C:\\Users\\kbala\\OneDrive\\Desktop\\ComcastUI\\tests\\APItest1.test.js:84:16"},"uuid":"cb65262c-ad8e-4e72-9766-232b4b056e5d","parentUUID":"e40e79ca-fc95-4ed1-ad02-693dc9026d74","isHook":false,"skipped":false},{"title":"test1-property validation","fullTitle":"APItest1.test.js test1-property validation","timedOut":false,"duration":3312,"state":"passed","speed":"slow","pass":true,"fail":false,"pending":false,"context":"[{\"title\":\"Trace saved to\",\"value\":\"C:\\\\Users\\\\kbala\\\\OneDrive\\\\Desktop\\\\ComcastUI\\\\test-results\\\\APItest1-test1-property-validation-chromium\\\\trace.zip\"}]","code":"async ({\n  request\n}) => {\n  var get_response = await request.get('https://gorest.co.in/public/v2/users');\n\n  //capture the array length\n  respbodysize = await get_response.json();\n  respbodysize = Object.keys(respbodysize).length;\n\n  //parse the responsestring to object\n  respbody = JSON.parse(await get_response.text());\n\n  ///expect style assertion\n  expect_chai(respbody).to.be.an('array').that.is.not.empty;\n\n  ///validate the length of the respbody payload array size\n  assert_chai.lengthOf(respbody, 10);\n\n  ///validate the expecting property keys\n  assert_chai.containsAllDeepKeys(respbody[0], ['id', 'name', 'email', 'gender', 'status']);\n  console.log('array size is: ', respbodysize);\n\n  ///iterate all index and assert the username is not available\n  for (let i = 0; i < respbodysize; i++) {\n    assert_chai.doesNotHaveAnyDeepKeys(respbody[i].name, newusername);\n    console.log(`${newusername}` + ' is not available in: ' + i);\n  }\n}","err":{},"uuid":"b437772c-2bf1-4f67-9c15-d22ae80d4a01","parentUUID":"e40e79ca-fc95-4ed1-ad02-693dc9026d74","isHook":false,"skipped":false},{"title":"test4-delete the newly created user and assert it","fullTitle":"APItest1.test.js test4-delete the newly created user and assert it","timedOut":false,"duration":565,"state":"passed","speed":"slow","pass":true,"fail":false,"pending":false,"context":"[{\"title\":\"Trace saved to\",\"value\":\"C:\\\\Users\\\\kbala\\\\OneDrive\\\\Desktop\\\\ComcastUI\\\\test-results\\\\APItest1-test4-delete-the-newly-created-user-and-assert-it-chromium\\\\trace.zip\"}]","code":"async ({\n  request\n}) => {\n  var get_response = await request.delete(`https://gorest.co.in/public/v2/users/${creatednewuserid}` + '?' + 'access-token=' + primarytoken);\n\n  //parse the responsestring to object\n  respbody = await get_response.text();\n  console.log('The payload details: ', respbody);\n\n  ///assert type chai assertion\n  assert_chai.notInclude(respbody, 'Resource not found');\n  assert_chai.isEmpty(respbody);\n\n  ///expect type chai assertion\n  expect_chai(respbody).to.be.empty;\n}","err":{},"uuid":"3ff55483-0614-4366-9c54-a6feba159091","parentUUID":"e40e79ca-fc95-4ed1-ad02-693dc9026d74","isHook":false,"skipped":false}],"suites":[],"passes":["e84b6f99-313c-4526-baba-2fd873ac7509","b437772c-2bf1-4f67-9c15-d22ae80d4a01","3ff55483-0614-4366-9c54-a6feba159091"],"failures":["cb65262c-ad8e-4e72-9766-232b4b056e5d"],"pending":[],"skipped":[],"duration":10365,"root":false,"rootEmpty":false,"_timeout":0},{"uuid":"87d6dfff-9c13-4760-a250-18789b634a74","title":"Iterate and validate the landing page urls","fullFile":"C:\\Users\\kbala\\OneDrive\\Desktop\\ComcastUI\\tests\\iterateLinks.test.js","file":"iterateLinks.test.js","beforeHooks":[],"afterHooks":[],"tests":[{"title":"test1-Iterate the links","fullTitle":"Iterate and validate the landing page urls test1-Iterate the links","timedOut":false,"duration":12732,"state":"passed","speed":"slow","pass":true,"fail":false,"pending":false,"context":"[{\"title\":\"Trace saved to\",\"value\":\"C:\\\\Users\\\\kbala\\\\OneDrive\\\\Desktop\\\\ComcastUI\\\\test-results\\\\iterateLinks-Iterate-and-validate-the-landing-page-urls-test1-Iterate-the-links-chromium\\\\trace.zip\"}]","code":"async ({\n    page\n  }) => {\n    //save the ul[2] list count number\n    var linkcount = await page.locator('//ul[2] //li').count();\n    console.log('link count is: ', linkcount);\n    for (let i = 1; i <= linkcount + 1; i++) {\n      if (i === linkcount + 1) {\n        console.log('Iteration is over');\n        break;\n      }\n\n      //save the ul[2] list href text content   \n      var link_innertext = await page.locator(`//ul[2] //li[${i}] /a[@href]`).innerText();\n      console.log('list item href: ', link_innertext);\n\n      //click the list href link- index\n      await page.locator('ul li a[href]').nth(i).click();\n\n      //assert the navigated new page url - with the href link text\n      await (0, _test.expect)(page).toHaveURL('https://reference-tryout-api.herokuapp.com' + link_innertext);\n      await page.goBack();\n    }\n    await page.close();\n  }","err":{},"uuid":"05f1563e-897f-4f8e-8cad-17f9445fb303","parentUUID":"87d6dfff-9c13-4760-a250-18789b634a74","isHook":false,"skipped":false}],"suites":[],"passes":["05f1563e-897f-4f8e-8cad-17f9445fb303"],"failures":[],"pending":[],"skipped":[],"duration":12732,"root":false,"rootEmpty":false,"_timeout":0},{"uuid":"640be43f-9f08-4563-bf1c-aa0b356c81e7","title":"To validate the landing page- header title","fullFile":"C:\\Users\\kbala\\OneDrive\\Desktop\\ComcastUI\\tests\\landing.test.js","file":"landing.test.js","beforeHooks":[],"afterHooks":[],"tests":[{"title":"test2-internalservererror","fullTitle":"To validate the landing page- header title test2-internalservererror","timedOut":false,"duration":8226,"state":"passed","speed":"slow","pass":true,"fail":false,"pending":false,"context":"[{\"title\":\"Trace saved to\",\"value\":\"C:\\\\Users\\\\kbala\\\\OneDrive\\\\Desktop\\\\ComcastUI\\\\test-results\\\\landing-To-validate-the-landing-page--header-title-test2-internalservererror-chromium\\\\trace.zip\"}]","code":"async ({\n    page\n  }) => {\n    const landscn = new _landing.landingpage(page);\n    var linkname = await landscn.innertext_internalservererror();\n    //var linkname2=linkname.replace('/','')\n    console.log('linktext is: ', linkname);\n    await landscn.click_internalservererror();\n    var header = await landscn.innertext_header();\n    console.log('destination page header: ', header);\n    var assertstringmatch = linkname.includes(header) || header.includes(linkname);\n    await (0, _test.expect)(assertstringmatch).toBeTruthy();\n  }","err":{},"uuid":"cc80d65f-a2ac-4b02-b3eb-ec973a6cd0f0","parentUUID":"640be43f-9f08-4563-bf1c-aa0b356c81e7","isHook":false,"skipped":false},{"title":"test1-madeup","fullTitle":"To validate the landing page- header title test1-madeup","timedOut":false,"duration":7461,"state":"failed","speed":"slow","pass":false,"fail":true,"pending":false,"context":"[{\"title\":\"Trace saved to\",\"value\":\"C:\\\\Users\\\\kbala\\\\OneDrive\\\\Desktop\\\\ComcastUI\\\\test-results\\\\landing-To-validate-the-landing-page--header-title-test1-madeup-chromium\\\\trace.zip\"}]","code":"async ({\n    page\n  }) => {\n    const landscn = new _landing.landingpage(page);\n    var linkname = await landscn.innertext_madeup();\n    console.log(linkname);\n    // var linkname2=linkname.replace('/','')\n\n    await landscn.click_madeup();\n    var header = await landscn.innertext_header();\n    console.log('destination page header: ', header);\n    var assertstringmatch = linkname.includes(header) || header.includes(linkname);\n    await (0, _test.expect)(assertstringmatch).toBeTruthy();\n  }","err":{"message":"expect(received).toBeTruthy()\n\nReceived: false","estack":"Error: expect(received).toBeTruthy()\n\nReceived: false\n    at C:\\Users\\kbala\\OneDrive\\Desktop\\ComcastUI\\tests\\landing.test.js:20:41"},"uuid":"61b56a1f-c833-48d7-84c5-bba6fe58ff6f","parentUUID":"640be43f-9f08-4563-bf1c-aa0b356c81e7","isHook":false,"skipped":false},{"title":"test3-noresponse","fullTitle":"To validate the landing page- header title test3-noresponse","timedOut":false,"duration":4218,"state":"passed","speed":"slow","pass":true,"fail":false,"pending":false,"context":"[{\"title\":\"Trace saved to\",\"value\":\"C:\\\\Users\\\\kbala\\\\OneDrive\\\\Desktop\\\\ComcastUI\\\\test-results\\\\landing-To-validate-the-landing-page--header-title-test3-noresponse-chromium\\\\trace.zip\"}]","code":"async ({\n    page\n  }) => {\n    const landscn = new _landing.landingpage(page);\n    var linkname = await landscn.innertext_noresponse();\n    //var linkname2=linkname.replace('/','')\n    console.log('linktext is: ', linkname);\n    await landscn.click_noresponse();\n    var header = await landscn.innertext_header();\n    console.log('destination page header: ', header);\n    var assertstringmatch = linkname.includes(header) || header2.includes(linkname);\n    await (0, _test.expect)(assertstringmatch).toBeTruthy();\n  }","err":{},"uuid":"7d39ca60-cf0a-4fc1-b6d2-a36119fd0bc3","parentUUID":"640be43f-9f08-4563-bf1c-aa0b356c81e7","isHook":false,"skipped":false},{"title":"test5-forbidden","fullTitle":"To validate the landing page- header title test5-forbidden","timedOut":false,"duration":3033,"state":"passed","speed":"slow","pass":true,"fail":false,"pending":false,"context":"[{\"title\":\"Trace saved to\",\"value\":\"C:\\\\Users\\\\kbala\\\\OneDrive\\\\Desktop\\\\ComcastUI\\\\test-results\\\\landing-To-validate-the-landing-page--header-title-test5-forbidden-chromium\\\\trace.zip\"}]","code":"async ({\n    page\n  }) => {\n    const landscn = new _landing.landingpage(page);\n    var linkname = await landscn.innertext_forbidden();\n    //  var linkname2=linkname.replace('/','')\n    console.log('linktext is: ', linkname);\n    await landscn.click_forbidden();\n    var header = await landscn.innertext_header();\n    console.log('destination page header: ', header);\n    var assertstringmatch = linkname.includes(header) || header.includes(linkname);\n    await (0, _test.expect)(assertstringmatch).toBeTruthy();\n  }","err":{},"uuid":"b3b51368-0424-46a8-bb73-36c3fbefa4da","parentUUID":"640be43f-9f08-4563-bf1c-aa0b356c81e7","isHook":false,"skipped":false},{"title":"test6-gatewaytimeout","fullTitle":"To validate the landing page- header title test6-gatewaytimeout","timedOut":false,"duration":3248,"state":"passed","speed":"slow","pass":true,"fail":false,"pending":false,"context":"[{\"title\":\"Trace saved to\",\"value\":\"C:\\\\Users\\\\kbala\\\\OneDrive\\\\Desktop\\\\ComcastUI\\\\test-results\\\\landing-To-validate-the-landing-page--header-title-test6-gatewaytimeout-chromium\\\\trace.zip\"}]","code":"async ({\n    page\n  }) => {\n    const landscn = new _landing.landingpage(page);\n    var linkname = await landscn.innertext_gatewaytimeout();\n    //var linkname2=linkname.replace('/','')\n    console.log('linktext is: ', linkname);\n    await landscn.click_gatewaytimeout();\n    var header = await landscn.innertext_header();\n    console.log('destination page header: ', header);\n    var assertstringmatch = linkname.includes(header) || header.includes(linkname);\n    await (0, _test.expect)(assertstringmatch).toBeTruthy();\n  }","err":{},"uuid":"e0709d89-2753-4865-a84f-ebb47b4487ae","parentUUID":"640be43f-9f08-4563-bf1c-aa0b356c81e7","isHook":false,"skipped":false},{"title":"test4-badrequest","fullTitle":"To validate the landing page- header title test4-badrequest","timedOut":false,"duration":2906,"state":"passed","speed":"slow","pass":true,"fail":false,"pending":false,"context":"[{\"title\":\"Trace saved to\",\"value\":\"C:\\\\Users\\\\kbala\\\\OneDrive\\\\Desktop\\\\ComcastUI\\\\test-results\\\\landing-To-validate-the-landing-page--header-title-test4-badrequest-chromium\\\\trace.zip\"}]","code":"async ({\n    page\n  }) => {\n    const landscn = new _landing.landingpage(page);\n    var linkname = await landscn.innertext_badrequest();\n    // var linkname2=linkname.replace('/','')\n    console.log('linktext is: ', linkname);\n    await landscn.click_badrequest();\n    var header = await landscn.innertext_header();\n    console.log('destination page header: ', header);\n    var assertstringmatch = linkname.includes(header) || header.includes(linkname);\n    await (0, _test.expect)(assertstringmatch).toBeTruthy();\n  }","err":{},"uuid":"0e41addf-2a2e-40ef-b33b-571034a541cb","parentUUID":"640be43f-9f08-4563-bf1c-aa0b356c81e7","isHook":false,"skipped":false},{"title":"test7-unauthorized","fullTitle":"To validate the landing page- header title test7-unauthorized","timedOut":false,"duration":2932,"state":"passed","speed":"slow","pass":true,"fail":false,"pending":false,"context":"[{\"title\":\"Trace saved to\",\"value\":\"C:\\\\Users\\\\kbala\\\\OneDrive\\\\Desktop\\\\ComcastUI\\\\test-results\\\\landing-To-validate-the-landing-page--header-title-test7-unauthorized-chromium\\\\trace.zip\"}]","code":"async ({\n    page\n  }) => {\n    const landscn = new _landing.landingpage(page);\n    var linkname = await landscn.innertext_unauthorized();\n    //var linkname2=linkname.replace('/','')\n    console.log('linktext is: ', linkname);\n    await landscn.click_unauthorized();\n    var header = await landscn.innertext_header();\n    console.log('destination page header: ', header);\n    var assertstringmatch = linkname.includes(header) || header.includes(linkname);\n    await (0, _test.expect)(assertstringmatch).toBeTruthy();\n  }","err":{},"uuid":"00d1293b-5f58-4295-973e-dd8ae7f9f95e","parentUUID":"640be43f-9f08-4563-bf1c-aa0b356c81e7","isHook":false,"skipped":false},{"title":"test8-managehealth","fullTitle":"To validate the landing page- header title test8-managehealth","timedOut":false,"duration":2928,"state":"passed","speed":"slow","pass":true,"fail":false,"pending":false,"context":"[{\"title\":\"Trace saved to\",\"value\":\"C:\\\\Users\\\\kbala\\\\OneDrive\\\\Desktop\\\\ComcastUI\\\\test-results\\\\landing-To-validate-the-landing-page--header-title-test8-managehealth-chromium\\\\trace.zip\"}]","code":"async ({\n    page\n  }) => {\n    const landscn = new _landing.landingpage(page);\n    var linkname = await page.locator('#endpoints').innerText();\n    console.log('linktext is: ', linkname);\n    await landscn.click_managehealth();\n    var header = await landscn.innertext_header();\n    console.log('destination page header: ', header);\n    var assertstringmatch = linkname.includes(header) || header.includes(linkname);\n    await (0, _test.expect)(assertstringmatch).toBeTruthy();\n  }","err":{},"uuid":"e2b0b974-2043-463b-bd95-d1b9dc416e81","parentUUID":"640be43f-9f08-4563-bf1c-aa0b356c81e7","isHook":false,"skipped":false}],"suites":[],"passes":["cc80d65f-a2ac-4b02-b3eb-ec973a6cd0f0","7d39ca60-cf0a-4fc1-b6d2-a36119fd0bc3","b3b51368-0424-46a8-bb73-36c3fbefa4da","e0709d89-2753-4865-a84f-ebb47b4487ae","0e41addf-2a2e-40ef-b33b-571034a541cb","00d1293b-5f58-4295-973e-dd8ae7f9f95e","e2b0b974-2043-463b-bd95-d1b9dc416e81"],"failures":["61b56a1f-c833-48d7-84c5-bba6fe58ff6f"],"pending":[],"skipped":[],"duration":34952,"root":false,"rootEmpty":false,"_timeout":0},{"uuid":"86d0361c-97de-426a-9b12-ceb158a5d95d","title":"To validate the endpoint routes- count","fullFile":"C:\\Users\\kbala\\OneDrive\\Desktop\\ComcastUI\\tests\\linkcount.test.js","file":"linkcount.test.js","beforeHooks":[],"afterHooks":[],"tests":[{"title":"test1-madeup","fullTitle":"To validate the endpoint routes- count test1-madeup","timedOut":false,"duration":2238,"state":"passed","speed":"slow","pass":true,"fail":false,"pending":false,"context":"[{\"title\":\"Trace saved to\",\"value\":\"C:\\\\Users\\\\kbala\\\\OneDrive\\\\Desktop\\\\ComcastUI\\\\test-results\\\\linkcount-To-validate-the-endpoint-routes--count-test1-madeup-chromium\\\\trace.zip\"}]","code":"async ({\n    page\n  }) => {\n    const landscn = new _landing.landingpage(page);\n    await (0, _test.expect)(landscn.madeup).toHaveCount(1);\n  }","err":{},"uuid":"55aced67-4f51-40a9-a13f-a411c549f287","parentUUID":"86d0361c-97de-426a-9b12-ceb158a5d95d","isHook":false,"skipped":false},{"title":"test2-internalservererror","fullTitle":"To validate the endpoint routes- count test2-internalservererror","timedOut":false,"duration":2214,"state":"passed","speed":"slow","pass":true,"fail":false,"pending":false,"context":"[{\"title\":\"Trace saved to\",\"value\":\"C:\\\\Users\\\\kbala\\\\OneDrive\\\\Desktop\\\\ComcastUI\\\\test-results\\\\linkcount-To-validate-the-endpoint-routes--count-test2-internalservererror-chromium\\\\trace.zip\"}]","code":"async ({\n    page\n  }) => {\n    const landscn = new _landing.landingpage(page);\n    await (0, _test.expect)(landscn.internalservererror).toHaveCount(1);\n  }","err":{},"uuid":"2903647a-878e-45ad-9f1a-c38b26783b07","parentUUID":"86d0361c-97de-426a-9b12-ceb158a5d95d","isHook":false,"skipped":false},{"title":"test4-noresponse","fullTitle":"To validate the endpoint routes- count test4-noresponse","timedOut":false,"duration":2026,"state":"passed","speed":"slow","pass":true,"fail":false,"pending":false,"context":"[{\"title\":\"Trace saved to\",\"value\":\"C:\\\\Users\\\\kbala\\\\OneDrive\\\\Desktop\\\\ComcastUI\\\\test-results\\\\linkcount-To-validate-the-endpoint-routes--count-test4-noresponse-chromium\\\\trace.zip\"}]","code":"async ({\n    page\n  }) => {\n    const landscn = new _landing.landingpage(page);\n    await (0, _test.expect)(landscn.noresponse).toHaveCount(1);\n  }","err":{},"uuid":"7f2ea1e2-2001-458d-903d-a14271455c3b","parentUUID":"86d0361c-97de-426a-9b12-ceb158a5d95d","isHook":false,"skipped":false},{"title":"test5-badrequest","fullTitle":"To validate the endpoint routes- count test5-badrequest","timedOut":false,"duration":1969,"state":"passed","speed":"slow","pass":true,"fail":false,"pending":false,"context":"[{\"title\":\"Trace saved to\",\"value\":\"C:\\\\Users\\\\kbala\\\\OneDrive\\\\Desktop\\\\ComcastUI\\\\test-results\\\\linkcount-To-validate-the-endpoint-routes--count-test5-badrequest-chromium\\\\trace.zip\"}]","code":"async ({\n    page\n  }) => {\n    const landscn = new _landing.landingpage(page);\n    await (0, _test.expect)(landscn.badrequest).toHaveCount(1);\n  }","err":{},"uuid":"e608043b-f7c7-446d-a3c3-cdb1db095f84","parentUUID":"86d0361c-97de-426a-9b12-ceb158a5d95d","isHook":false,"skipped":false},{"title":"test6-forbidden","fullTitle":"To validate the endpoint routes- count test6-forbidden","timedOut":false,"duration":1956,"state":"passed","speed":"slow","pass":true,"fail":false,"pending":false,"context":"[{\"title\":\"Trace saved to\",\"value\":\"C:\\\\Users\\\\kbala\\\\OneDrive\\\\Desktop\\\\ComcastUI\\\\test-results\\\\linkcount-To-validate-the-endpoint-routes--count-test6-forbidden-chromium\\\\trace.zip\"}]","code":"async ({\n    page\n  }) => {\n    const landscn = new _landing.landingpage(page);\n    await (0, _test.expect)(landscn.forbidden).toHaveCount(1);\n  }","err":{},"uuid":"edf75b38-4e00-4c3c-b933-8654894094f2","parentUUID":"86d0361c-97de-426a-9b12-ceb158a5d95d","isHook":false,"skipped":false},{"title":"test7-gatewaytimeout","fullTitle":"To validate the endpoint routes- count test7-gatewaytimeout","timedOut":false,"duration":2058,"state":"passed","speed":"slow","pass":true,"fail":false,"pending":false,"context":"[{\"title\":\"Trace saved to\",\"value\":\"C:\\\\Users\\\\kbala\\\\OneDrive\\\\Desktop\\\\ComcastUI\\\\test-results\\\\linkcount-To-validate-the-endpoint-routes--count-test7-gatewaytimeout-chromium\\\\trace.zip\"}]","code":"async ({\n    page\n  }) => {\n    const landscn = new _landing.landingpage(page);\n    await (0, _test.expect)(landscn.gatewaytimeout).toHaveCount(1);\n  }","err":{},"uuid":"2e5aa97a-ab41-466a-b9df-e8e4a1865021","parentUUID":"86d0361c-97de-426a-9b12-ceb158a5d95d","isHook":false,"skipped":false},{"title":"test3-unauthorized","fullTitle":"To validate the endpoint routes- count test3-unauthorized","timedOut":false,"duration":12103,"state":"failed","speed":"slow","pass":false,"fail":true,"pending":false,"context":"[{\"title\":\"Trace saved to\",\"value\":\"C:\\\\Users\\\\kbala\\\\OneDrive\\\\Desktop\\\\ComcastUI\\\\test-results\\\\linkcount-To-validate-the-endpoint-routes--count-test3-unauthorized-chromium\\\\trace.zip\"}]","code":"async ({\n    page\n  }) => {\n    const landscn = new _landing.landingpage(page);\n    await (0, _test.expect)(landscn.unauthorized).toHaveCount(1);\n  }","err":{"message":"expect(received).toHaveCount(expected) // deep equality\n\nExpected: 1\nReceived: 2\nCall log:\n  - expect.toHaveCount with timeout 10000ms\n  - waiting for locator('a[href=\"/unauthorized\"]')\n  -   locator resolved to 2 elements\n  -   unexpected value \"2\"\n  - waiting for locator('a[href=\"/unauthorized\"]')\n  -   locator resolved to 2 elements\n  -   unexpected value \"2\"\n  -   locator resolved to 2 elements\n  -   unexpected value \"2\"\n  -   locator resolved to 2 elements\n  -   unexpected value \"2\"\n  -   locator resolved to 2 elements\n  -   unexpected value \"2\"\n  -   locator resolved to 2 elements\n  -   unexpected value \"2\"\n  -   locator resolved to 2 elements\n  -   unexpected value \"2\"\n  -   locator resolved to 2 elements\n  -   unexpected value \"2\"\n  -   locator resolved to 2 elements\n  -   unexpected value \"2\"\n  -   locator resolved to 2 elements\n  -   unexpected value \"2\"\n  -   locator resolved to 2 elements\n  -   unexpected value \"2\"\n  -   locator resolved to 2 elements\n  -   unexpected value \"2\"\n  -   locator resolved to 2 elements\n  -   unexpected value \"2\"\n","estack":"Error: expect(received).toHaveCount(expected) // deep equality\n\nExpected: 1\nReceived: 2\nCall log:\n  - expect.toHaveCount with timeout 10000ms\n  - waiting for locator('a[href=\"/unauthorized\"]')\n  -   locator resolved to 2 elements\n  -   unexpected value \"2\"\n  - waiting for locator('a[href=\"/unauthorized\"]')\n  -   locator resolved to 2 elements\n  -   unexpected value \"2\"\n  -   locator resolved to 2 elements\n  -   unexpected value \"2\"\n  -   locator resolved to 2 elements\n  -   unexpected value \"2\"\n  -   locator resolved to 2 elements\n  -   unexpected value \"2\"\n  -   locator resolved to 2 elements\n  -   unexpected value \"2\"\n  -   locator resolved to 2 elements\n  -   unexpected value \"2\"\n  -   locator resolved to 2 elements\n  -   unexpected value \"2\"\n  -   locator resolved to 2 elements\n  -   unexpected value \"2\"\n  -   locator resolved to 2 elements\n  -   unexpected value \"2\"\n  -   locator resolved to 2 elements\n  -   unexpected value \"2\"\n  -   locator resolved to 2 elements\n  -   unexpected value \"2\"\n  -   locator resolved to 2 elements\n  -   unexpected value \"2\"\n\n    at C:\\Users\\kbala\\OneDrive\\Desktop\\ComcastUI\\tests\\linkcount.test.js:21:44"},"uuid":"e07ff6f2-8994-43ec-8df7-576e8381e573","parentUUID":"86d0361c-97de-426a-9b12-ceb158a5d95d","isHook":false,"skipped":false}],"suites":[],"passes":["55aced67-4f51-40a9-a13f-a411c549f287","2903647a-878e-45ad-9f1a-c38b26783b07","7f2ea1e2-2001-458d-903d-a14271455c3b","e608043b-f7c7-446d-a3c3-cdb1db095f84","edf75b38-4e00-4c3c-b933-8654894094f2","2e5aa97a-ab41-466a-b9df-e8e4a1865021"],"failures":["e07ff6f2-8994-43ec-8df7-576e8381e573"],"pending":[],"skipped":[],"duration":24564,"root":false,"rootEmpty":false,"_timeout":0}],"passes":[],"failures":[],"pending":[],"skipped":[],"duration":0,"root":true,"rootEmpty":true,"_timeout":0}],"meta":{"mochawesome":{"options":{},"version":"7.0.1"},"marge":{"options":{},"version":"6.2.0"},"mocha":{"version":"7.0.1"}}}